<?xml version="1.0" encoding="UTF-8"?>
<testng-results skipped="0" failed="0" ignored="0" total="1" passed="1">
  <reporter-output>
  </reporter-output>
  <suite name="Default suite" duration-ms="3266" started-at="2023-04-09T19:57:56 IST" finished-at="2023-04-09T19:57:59 IST">
    <groups>
    </groups>
    <test name="Default test" duration-ms="3266" started-at="2023-04-09T19:57:56 IST" finished-at="2023-04-09T19:57:59 IST">
      <class name="com.ems.json_schema_validation.HamcresterMatcherJsonSchemaValidation">
        <test-method status="PASS" signature="validate()[pri:0, instance:com.ems.json_schema_validation.HamcresterMatcherJsonSchemaValidation@12679d6]" name="validate" duration-ms="3169" started-at="2023-04-09T19:57:56 IST" finished-at="2023-04-09T19:57:59 IST">
          <reporter-output>
          </reporter-output>
        </test-method> <!-- validate -->
      </class> <!-- com.ems.json_schema_validation.HamcresterMatcherJsonSchemaValidation -->
    </test> <!-- Default test -->
  </suite> <!-- Default suite -->
</testng-results>
