<?xml version="1.0" encoding="UTF-8"?>
<testng-results ignored="0" total="1" passed="1" failed="0" skipped="0">
  <reporter-output>
  </reporter-output>
  <suite started-at="2023-04-23T17:57:05 IST" name="Default suite" finished-at="2023-04-23T17:57:11 IST" duration-ms="5414">
    <groups>
    </groups>
    <test started-at="2023-04-23T17:57:05 IST" name="Default test" finished-at="2023-04-23T17:57:11 IST" duration-ms="5414">
      <class name="com.lao.auth.BearerTokenAuth">
        <test-method signature="bearerTokenAuth()[pri:0, instance:com.lao.auth.BearerTokenAuth@1465b11]" started-at="2023-04-23T17:57:05 IST" name="bearerTokenAuth" finished-at="2023-04-23T17:57:11 IST" duration-ms="5348" status="PASS">
          <reporter-output>
          </reporter-output>
        </test-method> <!-- bearerTokenAuth -->
      </class> <!-- com.lao.auth.BearerTokenAuth -->
    </test> <!-- Default test -->
  </suite> <!-- Default suite -->
</testng-results>
