# JRE version: Java(TM) SE Runtime Environment (8.0_152-b16) (build 1.8.0_152-b16)
# Java VM: Java HotSpot(TM) Client VM (25.152-b16 mixed mode windows-x86 )
Heap:
 def new generation   total 6464K, used 5810K [0x03a00000, 0x04100000, 0x08f50000)
  eden space 5760K,  88% used [0x03a00000, 0x03efc908, 0x03fa0000)
  from space 704K,  99% used [0x04050000, 0x040ffff8, 0x04100000)
  to   space 704K,   0% used [0x03fa0000, 0x03fa0000, 0x04050000)
 tenured generation   total 14276K, used 13256K [0x08f50000, 0x09d41000, 0x13a00000)
   the space 14276K,  92% used [0x08f50000, 0x09c42390, 0x09c42400, 0x09d41000)
 Metaspace       used 14837K, capacity 15698K, committed 15744K, reserved 15744K
GC Heap History (10 events):
Event: 129.841 GC heap before
{Heap before GC invocations=23 (full 1):
 def new generation   total 6464K, used 5826K [0x03a00000, 0x04100000, 0x08f50000)
  eden space 5760K, 100% used [0x03a00000, 0x03fa0000, 0x03fa0000)
  from space 704K,   9% used [0x03fa0000, 0x03fb0b50, 0x04050000)
  to   space 704K,   0% used [0x04050000, 0x04050000, 0x04100000)
 tenured generation   total 14276K, used 10508K [0x08f50000, 0x09d41000, 0x13a00000)
   the space 14276K,  73% used [0x08f50000, 0x09993160, 0x09993200, 0x09d41000)
 Metaspace       used 13232K, capacity 13884K, committed 13952K, reserved 14720K
Event: 129.851 GC heap after
Heap after GC invocations=24 (full 1):
 def new generation   total 6464K, used 704K [0x03a00000, 0x04100000, 0x08f50000)
  eden space 5760K,   0% used [0x03a00000, 0x03a00000, 0x03fa0000)
  from space 704K, 100% used [0x04050000, 0x04100000, 0x04100000)
  to   space 704K,   0% used [0x03fa0000, 0x03fa0000, 0x04050000)
 tenured generation   total 14276K, used 10926K [0x08f50000, 0x09d41000, 0x13a00000)
   the space 14276K,  76% used [0x08f50000, 0x099fb878, 0x099fba00, 0x09d41000)
 Metaspace       used 13232K, capacity 13884K, committed 13952K, reserved 14720K
}
Event: 129.987 GC heap before
{Heap before GC invocations=24 (full 1):
 def new generation   total 6464K, used 6464K [0x03a00000, 0x04100000, 0x08f50000)
  eden space 5760K, 100% used [0x03a00000, 0x03fa0000, 0x03fa0000)
  from space 704K, 100% used [0x04050000, 0x04100000, 0x04100000)
  to   space 704K,   0% used [0x03fa0000, 0x03fa0000, 0x04050000)
 tenured generation   total 14276K, used 10926K [0x08f50000, 0x09d41000, 0x13a00000)
   the space 14276K,  76% used [0x08f50000, 0x099fb878, 0x099fba00, 0x09d41000)
 Metaspace       used 13400K, capacity 14083K, committed 14208K, reserved 14720K
Event: 129.996 GC heap after
Heap after GC invocations=25 (full 1):
 def new generation   total 6464K, used 672K [0x03a00000, 0x04100000, 0x08f50000)
  eden space 5760K,   0% used [0x03a00000, 0x03a00000, 0x03fa0000)
  from space 704K,  95% used [0x03fa0000, 0x04048108, 0x04050000)
  to   space 704K,   0% used [0x04050000, 0x04050000, 0x04100000)
 tenured generation   total 14276K, used 11543K [0x08f50000, 0x09d41000, 0x13a00000)
   the space 14276K,  80% used [0x08f50000, 0x09a95de8, 0x09a95e00, 0x09d41000)
 Metaspace       used 13400K, capacity 14083K, committed 14208K, reserved 14720K
}
Event: 130.142 GC heap before
{Heap before GC invocations=25 (full 1):
 def new generation   total 6464K, used 6432K [0x03a00000, 0x04100000, 0x08f50000)
  eden space 5760K, 100% used [0x03a00000, 0x03fa0000, 0x03fa0000)
  from space 704K,  95% used [0x03fa0000, 0x04048108, 0x04050000)
  to   space 704K,   0% used [0x04050000, 0x04050000, 0x04100000)
 tenured generation   total 14276K, used 11543K [0x08f50000, 0x09d41000, 0x13a00000)
   the space 14276K,  80% used [0x08f50000, 0x09a95de8, 0x09a95e00, 0x09d41000)
 Metaspace       used 13525K, capacity 14297K, committed 14336K, reserved 14720K
Event: 130.149 GC heap after
Heap after GC invocations=26 (full 1):
 def new generation   total 6464K, used 511K [0x03a00000, 0x04100000, 0x08f50000)
  eden space 5760K,   0% used [0x03a00000, 0x03a00000, 0x03fa0000)
  from space 704K,  72% used [0x04050000, 0x040cfc80, 0x04100000)
  to   space 704K,   0% used [0x03fa0000, 0x03fa0000, 0x04050000)
 tenured generation   total 14276K, used 12117K [0x08f50000, 0x09d41000, 0x13a00000)
   the space 14276K,  84% used [0x08f50000, 0x09b25470, 0x09b25600, 0x09d41000)
 Metaspace       used 13525K, capacity 14297K, committed 14336K, reserved 14720K
}
Event: 130.332 GC heap before
{Heap before GC invocations=26 (full 1):
 def new generation   total 6464K, used 6271K [0x03a00000, 0x04100000, 0x08f50000)
  eden space 5760K, 100% used [0x03a00000, 0x03fa0000, 0x03fa0000)
  from space 704K,  72% used [0x04050000, 0x040cfc80, 0x04100000)
  to   space 704K,   0% used [0x03fa0000, 0x03fa0000, 0x04050000)
 tenured generation   total 14276K, used 12117K [0x08f50000, 0x09d41000, 0x13a00000)
   the space 14276K,  84% used [0x08f50000, 0x09b25470, 0x09b25600, 0x09d41000)
 Metaspace       used 13831K, capacity 14641K, committed 14720K, reserved 14720K
Event: 130.340 GC heap after
Heap after GC invocations=27 (full 1):
 def new generation   total 6464K, used 704K [0x03a00000, 0x04100000, 0x08f50000)
  eden space 5760K,   0% used [0x03a00000, 0x03a00000, 0x03fa0000)
  from space 704K, 100% used [0x03fa0000, 0x04050000, 0x04050000)
  to   space 704K,   0% used [0x04050000, 0x04050000, 0x04100000)
 tenured generation   total 14276K, used 12689K [0x08f50000, 0x09d41000, 0x13a00000)
   the space 14276K,  88% used [0x08f50000, 0x09bb4538, 0x09bb4600, 0x09d41000)
 Metaspace       used 13831K, capacity 14641K, committed 14720K, reserved 14720K
}
Event: 130.542 GC heap before
{Heap before GC invocations=27 (full 1):
 def new generation   total 6464K, used 6464K [0x03a00000, 0x04100000, 0x08f50000)
  eden space 5760K, 100% used [0x03a00000, 0x03fa0000, 0x03fa0000)
  from space 704K, 100% used [0x03fa0000, 0x04050000, 0x04050000)
  to   space 704K,   0% used [0x04050000, 0x04050000, 0x04100000)
 tenured generation   total 14276K, used 12689K [0x08f50000, 0x09d41000, 0x13a00000)
   the space 14276K,  88% used [0x08f50000, 0x09bb4538, 0x09bb4600, 0x09d41000)
 Metaspace       used 14195K, capacity 15018K, committed 15104K, reserved 15744K
Event: 130.550 GC heap after
Heap after GC invocations=28 (full 1):
 def new generation   total 6464K, used 703K [0x03a00000, 0x04100000, 0x08f50000)
  eden space 5760K,   0% used [0x03a00000, 0x03a00000, 0x03fa0000)
  from space 704K,  99% used [0x04050000, 0x040ffff8, 0x04100000)
  to   space 704K,   0% used [0x03fa0000, 0x03fa0000, 0x04050000)
 tenured generation   total 14276K, used 13256K [0x08f50000, 0x09d41000, 0x13a00000)
   the space 14276K,  92% used [0x08f50000, 0x09c42390, 0x09c42400, 0x09d41000)
 Metaspace       used 14195K, capacity 15018K, committed 15104K, reserved 15744K
}

